2016-11-22 07:59:44 INFO  LogHelper:31 - HHH000204: Processing PersistenceUnitInfo [
	name: entity-pu
	...]
2016-11-22 07:59:44 INFO  Version:37 - HHH000412: Hibernate Core {5.1.2.Final}
2016-11-22 07:59:44 INFO  Environment:213 - HHH000206: hibernate.properties not found
2016-11-22 07:59:44 INFO  Environment:317 - HHH000021: Bytecode provider name : javassist
2016-11-22 07:59:45 INFO  Version:66 - HCANN000001: Hibernate Commons Annotations {5.0.1.Final}
2016-11-22 07:59:47 INFO  Dialect:156 - HHH000400: Using dialect: org.hibernate.dialect.MySQL5InnoDBDialect
2016-11-22 07:59:47 INFO  LobCreatorBuilderImpl:98 - HHH000423: Disabling contextual LOB creation as JDBC driver reported JDBC version [3] less than 4
2016-11-22 07:59:49 INFO  Version:30 - HV000001: Hibernate Validator 5.3.1.Final
2016-11-22 07:59:56 INFO  QueryTranslatorFactoryInitiator:47 - HHH000397: Using ASTQueryTranslatorFactory
2016-11-22 08:00:50 INFO  UserController:45 - Пользователь: san-ya26@inbox.ru Александр Лобов ROLE_USER зашёл в сеть.
2016-11-22 08:02:32 INFO  UserController:45 - Пользователь: san-ya26@inbox.ru Александр Лобов ROLE_USER зашёл в сеть.
2016-11-22 08:02:54 INFO  UserController:45 - Пользователь: san-ya26@inbox.ru Александр Лобов ROLE_USER зашёл в сеть.
2016-11-22 08:33:54 INFO  LogHelper:31 - HHH000204: Processing PersistenceUnitInfo [
	name: entity-pu
	...]
2016-11-22 08:33:54 INFO  Version:37 - HHH000412: Hibernate Core {5.1.2.Final}
2016-11-22 08:33:54 INFO  Environment:213 - HHH000206: hibernate.properties not found
2016-11-22 08:33:54 INFO  Environment:317 - HHH000021: Bytecode provider name : javassist
2016-11-22 08:33:55 INFO  Version:66 - HCANN000001: Hibernate Commons Annotations {5.0.1.Final}
2016-11-22 08:33:56 INFO  Dialect:156 - HHH000400: Using dialect: org.hibernate.dialect.MySQL5InnoDBDialect
2016-11-22 08:33:56 INFO  LobCreatorBuilderImpl:98 - HHH000423: Disabling contextual LOB creation as JDBC driver reported JDBC version [3] less than 4
2016-11-22 08:33:57 INFO  Version:30 - HV000001: Hibernate Validator 5.3.1.Final
2016-11-22 08:34:02 INFO  QueryTranslatorFactoryInitiator:47 - HHH000397: Using ASTQueryTranslatorFactory
2016-11-22 08:37:00 INFO  UserController:39 - Администратор: egor1573@yandex.ru Александр Лобов ROLE_ADMIN зашёл в свой профиль.
2016-11-22 08:38:07 INFO  UserController:39 - Администратор: egor1573@yandex.ru Александр Лобов ROLE_ADMIN зашёл в свой профиль.
2016-11-22 08:41:19 INFO  UserController:45 - Пользователь: leps@gmail.com Григорий Лепс ROLE_USER зашёл в свой профиль.
2016-11-22 08:41:39 INFO  UserServiceImpl:75 - Пользователь: leps@gmail.com Григорий Лепс ROLE_USER изменил свои персональные данные
2016-11-22 08:41:39 INFO  UserController:45 - Пользователь: leps@gmail.com Григорий Лепс ROLE_USER зашёл в свой профиль.
2016-11-22 08:42:44 INFO  UserController:45 - Пользователь: san-ya26@inbox.ru Александр Лобов ROLE_USER зашёл в свой профиль.
2016-11-22 08:44:47 INFO  UserController:45 - Пользователь: san-ya26@inbox.ru Александр Лобов ROLE_USER зашёл в свой профиль.
2016-11-22 08:44:58 INFO  UserController:45 - Пользователь: leps@gmail.com Григорий Лепс ROLE_USER зашёл в свой профиль.
2016-11-22 08:47:14 INFO  LogHelper:31 - HHH000204: Processing PersistenceUnitInfo [
	name: entity-pu
	...]
2016-11-22 08:47:14 INFO  Version:37 - HHH000412: Hibernate Core {5.1.2.Final}
2016-11-22 08:47:14 INFO  Environment:213 - HHH000206: hibernate.properties not found
2016-11-22 08:47:14 INFO  Environment:317 - HHH000021: Bytecode provider name : javassist
2016-11-22 08:47:14 INFO  Version:66 - HCANN000001: Hibernate Commons Annotations {5.0.1.Final}
2016-11-22 08:47:15 INFO  Dialect:156 - HHH000400: Using dialect: org.hibernate.dialect.MySQL5InnoDBDialect
2016-11-22 08:47:15 INFO  LobCreatorBuilderImpl:98 - HHH000423: Disabling contextual LOB creation as JDBC driver reported JDBC version [3] less than 4
2016-11-22 08:47:16 INFO  Version:30 - HV000001: Hibernate Validator 5.3.1.Final
2016-11-22 08:47:21 INFO  QueryTranslatorFactoryInitiator:47 - HHH000397: Using ASTQueryTranslatorFactory
2016-11-22 08:47:44 INFO  UserController:45 - Пользователь: san-ya26@inbox.ru Александр Лобов ROLE_USER зашёл в свой профиль.
2016-11-22 08:51:04 INFO  UserServiceImpl:77 - Пользователь: san-ya26@inbox.ru Александр Лобов ROLE_USER изменил свои персональные данные
2016-11-22 08:51:04 INFO  UserController:45 - Пользователь: san-ya26@inbox.ru Александр Лобов ROLE_USER зашёл в свой профиль.
2016-11-22 16:19:35 INFO  LogHelper:31 - HHH000204: Processing PersistenceUnitInfo [
	name: entity-pu
	...]
2016-11-22 16:19:36 INFO  Version:37 - HHH000412: Hibernate Core {5.1.2.Final}
2016-11-22 16:19:36 INFO  Environment:213 - HHH000206: hibernate.properties not found
2016-11-22 16:19:36 INFO  Environment:317 - HHH000021: Bytecode provider name : javassist
2016-11-22 16:19:36 INFO  Version:66 - HCANN000001: Hibernate Commons Annotations {5.0.1.Final}
2016-11-22 16:19:37 INFO  Dialect:156 - HHH000400: Using dialect: org.hibernate.dialect.MySQL5InnoDBDialect
2016-11-22 16:19:37 INFO  LobCreatorBuilderImpl:98 - HHH000423: Disabling contextual LOB creation as JDBC driver reported JDBC version [3] less than 4
2016-11-22 16:19:38 INFO  Version:30 - HV000001: Hibernate Validator 5.3.1.Final
2016-11-22 16:19:43 INFO  QueryTranslatorFactoryInitiator:47 - HHH000397: Using ASTQueryTranslatorFactory
2016-11-22 16:22:19 INFO  UserController:39 - Администратор: egor1573@yandex.ru Александр Лобов ROLE_ADMIN зашёл в свой профиль.
2016-11-22 16:24:17 INFO  LogHelper:31 - HHH000204: Processing PersistenceUnitInfo [
	name: entity-pu
	...]
2016-11-22 16:24:17 INFO  Version:37 - HHH000412: Hibernate Core {5.1.2.Final}
2016-11-22 16:24:17 INFO  Environment:213 - HHH000206: hibernate.properties not found
2016-11-22 16:24:17 INFO  Environment:317 - HHH000021: Bytecode provider name : javassist
2016-11-22 16:24:17 INFO  Version:66 - HCANN000001: Hibernate Commons Annotations {5.0.1.Final}
2016-11-22 16:24:18 INFO  Dialect:156 - HHH000400: Using dialect: org.hibernate.dialect.MySQL5InnoDBDialect
2016-11-22 16:24:19 INFO  LobCreatorBuilderImpl:98 - HHH000423: Disabling contextual LOB creation as JDBC driver reported JDBC version [3] less than 4
2016-11-22 16:24:20 INFO  Version:30 - HV000001: Hibernate Validator 5.3.1.Final
2016-11-22 16:24:26 INFO  QueryTranslatorFactoryInitiator:47 - HHH000397: Using ASTQueryTranslatorFactory
2016-11-22 16:27:06 INFO  UserController:45 - Пользователь: san-ya26@inbox.ru Александр Лобов ROLE_USER зашёл в свой профиль.
2016-11-22 16:42:27 INFO  UserServiceImpl:77 - Пользователь: san-ya26@inbox.ru Александр Лобов ROLE_USER изменил свои персональные данные
2016-11-22 16:47:20 INFO  LogHelper:31 - HHH000204: Processing PersistenceUnitInfo [
	name: entity-pu
	...]
2016-11-22 16:47:20 INFO  Version:37 - HHH000412: Hibernate Core {5.1.2.Final}
2016-11-22 16:47:20 INFO  Environment:213 - HHH000206: hibernate.properties not found
2016-11-22 16:47:20 INFO  Environment:317 - HHH000021: Bytecode provider name : javassist
2016-11-22 16:47:20 INFO  Version:66 - HCANN000001: Hibernate Commons Annotations {5.0.1.Final}
2016-11-22 16:47:21 INFO  Dialect:156 - HHH000400: Using dialect: org.hibernate.dialect.MySQL5InnoDBDialect
2016-11-22 16:47:21 INFO  LobCreatorBuilderImpl:98 - HHH000423: Disabling contextual LOB creation as JDBC driver reported JDBC version [3] less than 4
2016-11-22 16:47:23 INFO  Version:30 - HV000001: Hibernate Validator 5.3.1.Final
2016-11-22 16:47:27 INFO  QueryTranslatorFactoryInitiator:47 - HHH000397: Using ASTQueryTranslatorFactory
2016-11-22 16:48:35 INFO  UserController:45 - Пользователь: san-ya26@inbox.ru Александр Лобов ROLE_USER зашёл в свой профиль.
2016-11-22 16:49:38 INFO  UserServiceImpl:80 - Пользователь: san-ya26@inbox.ru Александр Лобов ROLE_USER изменил свои персональные данные
2016-11-22 16:49:43 INFO  UserController:45 - Пользователь: san-ya26@inbox.ru Александр Лобов ROLE_USER зашёл в свой профиль.
2016-11-22 16:50:05 INFO  UserController:45 - Пользователь: san-ya26@inbox.ru Александр Лобов ROLE_USER зашёл в свой профиль.
2016-11-22 16:50:34 INFO  UserServiceImpl:80 - Пользователь: san-ya26@inbox.ru Александр Лобов ROLE_USER изменил свои персональные данные
2016-11-22 16:50:37 INFO  UserController:45 - Пользователь: san-ya26@inbox.ru Александр Лобов ROLE_USER зашёл в свой профиль.
2016-11-22 16:51:19 INFO  UserServiceImpl:80 - Пользователь: san-ya26@inbox.ru Александр Лобов ROLE_USER изменил свои персональные данные
2016-11-22 16:51:19 INFO  UserController:45 - Пользователь: san-ya26@inbox.ru Александр Лобов ROLE_USER зашёл в свой профиль.
2016-11-22 16:51:36 INFO  UserController:45 - Пользователь: san-ya26@inbox.ru Александр Лобов ROLE_USER зашёл в свой профиль.
2016-11-22 16:51:59 INFO  UserController:40 - Администратор: egor1573@yandex.ru Александр Лобов ROLE_ADMIN зашёл в свой профиль.
2016-11-22 16:55:16 INFO  UserServiceImpl:118 - Пользователь: san-ya26@inbox.ru Александр Лобов ROLE_USER сделал заказ № 44
2016-11-22 16:55:20 INFO  UserController:45 - Пользователь: san-ya26@inbox.ru Александр Лобов ROLE_USER зашёл в свой профиль.
2016-11-22 16:56:08 INFO  UserController:40 - Администратор: egor1573@yandex.ru Александр Лобов ROLE_ADMIN зашёл в свой профиль.
2016-11-22 16:57:29 INFO  UserController:40 - Администратор: egor1573@yandex.ru Александр Лобов ROLE_ADMIN зашёл в свой профиль.
2016-11-22 17:01:37 INFO  AdminController:70 - Был добавлен новый товар: 19 Бред
2016-11-22 17:03:47 INFO  UserController:40 - Администратор: egor1573@yandex.ru Александр Лобов ROLE_ADMIN зашёл в свой профиль.
2016-11-22 17:03:51 INFO  UserController:40 - Администратор: egor1573@yandex.ru Александр Лобов ROLE_ADMIN зашёл в свой профиль.
2016-11-22 17:03:54 INFO  UserController:40 - Администратор: egor1573@yandex.ru Александр Лобов ROLE_ADMIN зашёл в свой профиль.
2016-11-22 17:03:57 INFO  UserController:40 - Администратор: egor1573@yandex.ru Александр Лобов ROLE_ADMIN зашёл в свой профиль.
2016-11-22 17:04:20 INFO  UserController:40 - Администратор: egor1573@yandex.ru Александр Лобов ROLE_ADMIN зашёл в свой профиль.
2016-11-22 19:06:06 INFO  LogHelper:31 - HHH000204: Processing PersistenceUnitInfo [
	name: entity-pu
	...]
2016-11-22 19:06:06 INFO  Version:37 - HHH000412: Hibernate Core {5.1.2.Final}
2016-11-22 19:06:06 INFO  Environment:213 - HHH000206: hibernate.properties not found
2016-11-22 19:06:06 INFO  Environment:317 - HHH000021: Bytecode provider name : javassist
2016-11-22 19:06:07 INFO  Version:66 - HCANN000001: Hibernate Commons Annotations {5.0.1.Final}
2016-11-22 19:06:08 INFO  Dialect:156 - HHH000400: Using dialect: org.hibernate.dialect.MySQL5InnoDBDialect
2016-11-22 19:06:08 INFO  LobCreatorBuilderImpl:98 - HHH000423: Disabling contextual LOB creation as JDBC driver reported JDBC version [3] less than 4
2016-11-22 19:06:09 INFO  Version:30 - HV000001: Hibernate Validator 5.3.1.Final
2016-11-22 19:06:13 INFO  QueryTranslatorFactoryInitiator:47 - HHH000397: Using ASTQueryTranslatorFactory
2016-11-22 19:10:00 INFO  UserController:45 - Пользователь: san-ya26@inbox.ru Александр Лобов ROLE_USER зашёл в свой профиль.
2016-11-22 19:11:16 INFO  UserServiceImpl:118 - Пользователь: san-ya26@inbox.ru Александр Лобов ROLE_USER сделал заказ № 45
2016-11-22 19:11:22 INFO  UserController:45 - Пользователь: san-ya26@inbox.ru Александр Лобов ROLE_USER зашёл в свой профиль.
2016-11-22 19:11:46 INFO  UserController:45 - Пользователь: leps@gmail.com Григорий Лепс ROLE_USER зашёл в свой профиль.
2016-11-22 19:13:30 INFO  UserServiceImpl:118 - Пользователь: leps@gmail.com Григорий Лепс ROLE_USER сделал заказ № 46
2016-11-22 19:13:32 INFO  UserController:45 - Пользователь: leps@gmail.com Григорий Лепс ROLE_USER зашёл в свой профиль.
2016-11-22 19:13:53 INFO  UserServiceImpl:80 - Пользователь: leps@gmail.com Григорий Лепс ROLE_USER изменил свои персональные данные
2016-11-22 19:13:53 INFO  UserController:45 - Пользователь: leps@gmail.com Григорий Лепс ROLE_USER зашёл в свой профиль.
2016-11-22 19:14:02 INFO  UserServiceImpl:80 - Пользователь: leps@gmail.com Григорий Лепс ROLE_USER изменил свои персональные данные
2016-11-22 19:14:02 INFO  UserController:45 - Пользователь: leps@gmail.com Григорий Лепс ROLE_USER зашёл в свой профиль.
2016-11-22 19:14:12 INFO  UserController:45 - Пользователь: leps@gmail.com Григорий Лепс ROLE_USER зашёл в свой профиль.
2016-11-22 19:14:27 INFO  UserController:40 - Администратор: egor1573@yandex.ru Александр Лобов ROLE_ADMIN зашёл в свой профиль.
2016-11-22 19:16:56 INFO  UserController:40 - Администратор: egor1573@yandex.ru Александр Лобов ROLE_ADMIN зашёл в свой профиль.
2016-11-22 19:17:07 INFO  UserController:40 - Администратор: egor1573@yandex.ru Александр Лобов ROLE_ADMIN зашёл в свой профиль.
2016-11-22 20:01:07 INFO  UserController:40 - Администратор: egor1573@yandex.ru Александр Лобов ROLE_ADMIN зашёл в свой профиль.
2016-11-22 20:02:43 INFO  UserController:40 - Администратор: egor1573@yandex.ru Александр Лобов ROLE_ADMIN зашёл в свой профиль.
2016-11-22 20:04:34 INFO  UserController:40 - Администратор: egor1573@yandex.ru Александр Лобов ROLE_ADMIN зашёл в свой профиль.
2016-11-22 20:05:15 INFO  UserController:40 - Администратор: egor1573@yandex.ru Александр Лобов ROLE_ADMIN зашёл в свой профиль.
2016-11-22 20:05:39 INFO  UserController:40 - Администратор: egor1573@yandex.ru Александр Лобов ROLE_ADMIN зашёл в свой профиль.
2016-11-22 20:06:04 INFO  UserController:40 - Администратор: egor1573@yandex.ru Александр Лобов ROLE_ADMIN зашёл в свой профиль.
2016-11-22 20:08:45 INFO  UserController:40 - Администратор: egor1573@yandex.ru Александр Лобов ROLE_ADMIN зашёл в свой профиль.
2016-11-22 20:10:20 INFO  UserController:40 - Администратор: egor1573@yandex.ru Александр Лобов ROLE_ADMIN зашёл в свой профиль.
2016-11-22 20:12:03 INFO  UserController:40 - Администратор: egor1573@yandex.ru Александр Лобов ROLE_ADMIN зашёл в свой профиль.
2016-11-22 20:12:10 INFO  UserController:40 - Администратор: egor1573@yandex.ru Александр Лобов ROLE_ADMIN зашёл в свой профиль.
2016-11-22 20:12:41 INFO  UserController:40 - Администратор: egor1573@yandex.ru Александр Лобов ROLE_ADMIN зашёл в свой профиль.
2016-11-22 20:12:43 INFO  UserController:40 - Администратор: egor1573@yandex.ru Александр Лобов ROLE_ADMIN зашёл в свой профиль.
2016-11-22 20:14:33 INFO  UserController:40 - Администратор: egor1573@yandex.ru Александр Лобов ROLE_ADMIN зашёл в свой профиль.
2016-11-22 20:19:06 INFO  UserController:40 - Администратор: egor1573@yandex.ru Александр Лобов ROLE_ADMIN зашёл в свой профиль.
2016-11-22 20:19:43 INFO  UserController:40 - Администратор: egor1573@yandex.ru Александр Лобов ROLE_ADMIN зашёл в свой профиль.
2016-11-22 20:20:27 INFO  UserController:40 - Администратор: egor1573@yandex.ru Александр Лобов ROLE_ADMIN зашёл в свой профиль.
2016-11-22 20:23:09 INFO  UserController:40 - Администратор: egor1573@yandex.ru Александр Лобов ROLE_ADMIN зашёл в свой профиль.
2016-11-22 20:23:42 INFO  UserController:40 - Администратор: egor1573@yandex.ru Александр Лобов ROLE_ADMIN зашёл в свой профиль.
2016-11-22 20:23:43 INFO  UserController:40 - Администратор: egor1573@yandex.ru Александр Лобов ROLE_ADMIN зашёл в свой профиль.
2016-11-22 20:24:39 INFO  UserController:40 - Администратор: egor1573@yandex.ru Александр Лобов ROLE_ADMIN зашёл в свой профиль.
2016-11-22 20:26:02 INFO  UserController:40 - Администратор: egor1573@yandex.ru Александр Лобов ROLE_ADMIN зашёл в свой профиль.
2016-11-22 20:27:16 INFO  UserController:40 - Администратор: egor1573@yandex.ru Александр Лобов ROLE_ADMIN зашёл в свой профиль.
2016-11-22 20:28:48 INFO  UserController:40 - Администратор: egor1573@yandex.ru Александр Лобов ROLE_ADMIN зашёл в свой профиль.
2016-11-22 20:29:13 INFO  UserController:40 - Администратор: egor1573@yandex.ru Александр Лобов ROLE_ADMIN зашёл в свой профиль.
2016-11-22 20:29:35 INFO  UserController:40 - Администратор: egor1573@yandex.ru Александр Лобов ROLE_ADMIN зашёл в свой профиль.
2016-11-22 20:29:56 INFO  UserController:40 - Администратор: egor1573@yandex.ru Александр Лобов ROLE_ADMIN зашёл в свой профиль.
2016-11-22 20:34:40 INFO  UserController:40 - Администратор: egor1573@yandex.ru Александр Лобов ROLE_ADMIN зашёл в свой профиль.
2016-11-22 20:36:49 INFO  UserController:40 - Администратор: egor1573@yandex.ru Александр Лобов ROLE_ADMIN зашёл в свой профиль.
2016-11-22 20:37:31 INFO  UserController:40 - Администратор: egor1573@yandex.ru Александр Лобов ROLE_ADMIN зашёл в свой профиль.
2016-11-22 20:51:11 INFO  UserController:40 - Администратор: egor1573@yandex.ru Александр Лобов ROLE_ADMIN зашёл в свой профиль.
2016-11-22 20:52:21 INFO  UserController:40 - Администратор: egor1573@yandex.ru Александр Лобов ROLE_ADMIN зашёл в свой профиль.
2016-11-22 20:55:26 INFO  UserController:40 - Администратор: egor1573@yandex.ru Александр Лобов ROLE_ADMIN зашёл в свой профиль.
2016-11-22 20:56:07 INFO  UserController:40 - Администратор: egor1573@yandex.ru Александр Лобов ROLE_ADMIN зашёл в свой профиль.
2016-11-22 21:39:44 INFO  UserController:40 - Администратор: egor1573@yandex.ru Александр Лобов ROLE_ADMIN зашёл в свой профиль.
2016-11-22 21:41:00 INFO  UserController:40 - Администратор: egor1573@yandex.ru Александр Лобов ROLE_ADMIN зашёл в свой профиль.
2016-11-22 21:41:51 INFO  UserController:40 - Администратор: egor1573@yandex.ru Александр Лобов ROLE_ADMIN зашёл в свой профиль.
2016-11-22 21:43:15 INFO  UserController:40 - Администратор: egor1573@yandex.ru Александр Лобов ROLE_ADMIN зашёл в свой профиль.
2016-11-22 21:44:16 INFO  UserController:40 - Администратор: egor1573@yandex.ru Александр Лобов ROLE_ADMIN зашёл в свой профиль.
2016-11-22 21:44:39 INFO  UserController:40 - Администратор: egor1573@yandex.ru Александр Лобов ROLE_ADMIN зашёл в свой профиль.
2016-11-22 21:45:02 INFO  UserController:40 - Администратор: egor1573@yandex.ru Александр Лобов ROLE_ADMIN зашёл в свой профиль.
2016-11-22 21:45:57 INFO  UserController:40 - Администратор: egor1573@yandex.ru Александр Лобов ROLE_ADMIN зашёл в свой профиль.
2016-11-22 21:46:43 INFO  UserController:40 - Администратор: egor1573@yandex.ru Александр Лобов ROLE_ADMIN зашёл в свой профиль.
2016-11-22 21:47:56 INFO  UserController:40 - Администратор: egor1573@yandex.ru Александр Лобов ROLE_ADMIN зашёл в свой профиль.
2016-11-22 21:50:50 INFO  UserController:40 - Администратор: egor1573@yandex.ru Александр Лобов ROLE_ADMIN зашёл в свой профиль.
2016-11-22 21:55:08 INFO  UserController:40 - Администратор: egor1573@yandex.ru Александр Лобов ROLE_ADMIN зашёл в свой профиль.
2016-11-22 21:57:00 INFO  UserController:40 - Администратор: egor1573@yandex.ru Александр Лобов ROLE_ADMIN зашёл в свой профиль.
2016-11-22 21:57:02 INFO  UserController:40 - Администратор: egor1573@yandex.ru Александр Лобов ROLE_ADMIN зашёл в свой профиль.
2016-11-22 22:53:52 INFO  UserController:40 - Администратор: egor1573@yandex.ru Александр Лобов ROLE_ADMIN зашёл в свой профиль.
2016-11-22 22:55:00 INFO  UserController:40 - Администратор: egor1573@yandex.ru Александр Лобов ROLE_ADMIN зашёл в свой профиль.
2016-11-22 22:55:16 INFO  UserController:45 - Пользователь: san-ya26@inbox.ru Александр Лобов ROLE_USER зашёл в свой профиль.
2016-11-22 22:59:20 INFO  LogHelper:31 - HHH000204: Processing PersistenceUnitInfo [
	name: entity-pu
	...]
2016-11-22 22:59:21 INFO  Version:37 - HHH000412: Hibernate Core {5.1.2.Final}
2016-11-22 22:59:21 INFO  Environment:213 - HHH000206: hibernate.properties not found
2016-11-22 22:59:21 INFO  Environment:317 - HHH000021: Bytecode provider name : javassist
2016-11-22 22:59:21 INFO  Version:66 - HCANN000001: Hibernate Commons Annotations {5.0.1.Final}
2016-11-22 22:59:22 INFO  Dialect:156 - HHH000400: Using dialect: org.hibernate.dialect.MySQL5InnoDBDialect
2016-11-22 22:59:22 INFO  LobCreatorBuilderImpl:98 - HHH000423: Disabling contextual LOB creation as JDBC driver reported JDBC version [3] less than 4
2016-11-22 22:59:24 INFO  Version:30 - HV000001: Hibernate Validator 5.3.1.Final
2016-11-22 22:59:27 INFO  QueryTranslatorFactoryInitiator:47 - HHH000397: Using ASTQueryTranslatorFactory
2016-11-22 22:59:56 INFO  UserController:45 - Пользователь: san-ya26@inbox.ru Александр Лобов ROLE_USER зашёл в свой профиль.
2016-11-22 23:04:57 INFO  LogHelper:31 - HHH000204: Processing PersistenceUnitInfo [
	name: entity-pu
	...]
2016-11-22 23:04:57 INFO  Version:37 - HHH000412: Hibernate Core {5.1.2.Final}
2016-11-22 23:04:57 INFO  Environment:213 - HHH000206: hibernate.properties not found
2016-11-22 23:04:57 INFO  Environment:317 - HHH000021: Bytecode provider name : javassist
2016-11-22 23:04:57 INFO  Version:66 - HCANN000001: Hibernate Commons Annotations {5.0.1.Final}
2016-11-22 23:04:58 INFO  Dialect:156 - HHH000400: Using dialect: org.hibernate.dialect.MySQL5InnoDBDialect
2016-11-22 23:04:58 INFO  LobCreatorBuilderImpl:98 - HHH000423: Disabling contextual LOB creation as JDBC driver reported JDBC version [3] less than 4
2016-11-22 23:04:59 INFO  Version:30 - HV000001: Hibernate Validator 5.3.1.Final
2016-11-22 23:05:02 INFO  QueryTranslatorFactoryInitiator:47 - HHH000397: Using ASTQueryTranslatorFactory
2016-11-22 23:05:20 INFO  UserController:45 - Пользователь: san-ya26@inbox.ru Александр Лобов ROLE_USER зашёл в свой профиль.
2016-11-22 23:06:14 INFO  UserController:45 - Пользователь: san-ya26@inbox.ru Александр Лобов ROLE_USER зашёл в свой профиль.
2016-11-22 23:06:21 INFO  UserController:40 - Администратор: egor1573@yandex.ru Александр Лобов ROLE_ADMIN зашёл в свой профиль.
2016-11-22 23:13:57 INFO  LogHelper:31 - HHH000204: Processing PersistenceUnitInfo [
	name: entity-pu
	...]
2016-11-22 23:13:58 INFO  Version:37 - HHH000412: Hibernate Core {5.1.2.Final}
2016-11-22 23:13:58 INFO  Environment:213 - HHH000206: hibernate.properties not found
2016-11-22 23:13:58 INFO  Environment:317 - HHH000021: Bytecode provider name : javassist
2016-11-22 23:13:58 INFO  Version:66 - HCANN000001: Hibernate Commons Annotations {5.0.1.Final}
2016-11-22 23:13:58 INFO  Dialect:156 - HHH000400: Using dialect: org.hibernate.dialect.MySQL5InnoDBDialect
2016-11-22 23:13:59 INFO  LobCreatorBuilderImpl:98 - HHH000423: Disabling contextual LOB creation as JDBC driver reported JDBC version [3] less than 4
2016-11-22 23:14:00 INFO  Version:30 - HV000001: Hibernate Validator 5.3.1.Final
2016-11-22 23:14:03 INFO  QueryTranslatorFactoryInitiator:47 - HHH000397: Using ASTQueryTranslatorFactory
2016-11-22 23:20:21 INFO  UserController:45 - Пользователь: san-ya26@inbox.ru Александр Лобов ROLE_USER зашёл в свой профиль.
2016-11-22 23:20:39 INFO  UserController:40 - Администратор: egor1573@yandex.ru Александр Лобов ROLE_ADMIN зашёл в свой профиль.
2016-11-22 23:23:46 INFO  UserController:91 - Зарегистрировался новый пользователь: vasko_ilya97@gmail.com Илья Васько
2016-11-22 23:23:46 INFO  UserController:45 - Пользователь: vasko_ilya97@gmail.com Илья Васько ROLE_USER зашёл в свой профиль.
2016-11-22 23:24:40 INFO  UserServiceImpl:80 - Пользователь: vasko_ilya97@gmail.com Илья Васько ROLE_USER изменил свои персональные данные
2016-11-22 23:24:40 INFO  UserController:45 - Пользователь: vasko_ilya97@gmail.com Илья Васько ROLE_USER зашёл в свой профиль.
2016-11-22 23:24:46 INFO  UserController:45 - Пользователь: vasko_ilya97@gmail.com Илья Васько ROLE_USER зашёл в свой профиль.
2016-11-22 23:27:08 INFO  UserController:91 - Зарегистрировался новый пользователь: ilyavasko_1997@gmail.com Васько Илья
2016-11-22 23:27:09 INFO  UserController:45 - Пользователь: ilyavasko_1997@gmail.com Васько Илья ROLE_USER зашёл в свой профиль.
2016-11-22 23:27:29 INFO  UserController:45 - Пользователь: ilyavasko_1997@gmail.com Васько Илья ROLE_USER зашёл в свой профиль.
2016-11-22 23:27:51 INFO  UserServiceImpl:80 - Пользователь: ilyavasko_1997@gmail.com Васько Илья ROLE_USER изменил свои персональные данные
2016-11-22 23:27:51 INFO  UserController:45 - Пользователь: ilyavasko_1997@gmail.com Васько Илья ROLE_USER зашёл в свой профиль.
2016-11-22 23:28:12 INFO  UserController:45 - Пользователь: ilyavasko_1997@gmail.com Васько Илья ROLE_USER зашёл в свой профиль.
2016-11-22 23:28:27 INFO  UserServiceImpl:80 - Пользователь: ilyavasko_1997@gmail.com Васько Илья ROLE_USER изменил свои персональные данные
2016-11-22 23:28:27 INFO  UserController:45 - Пользователь: ilyavasko_1997@gmail.com Васько Илья ROLE_USER зашёл в свой профиль.
2016-11-22 23:28:33 INFO  UserServiceImpl:80 - Пользователь: ilyavasko_1997@gmail.com Васько Илья ROLE_USER изменил свои персональные данные
2016-11-22 23:28:33 INFO  UserController:45 - Пользователь: ilyavasko_1997@gmail.com Васько Илья ROLE_USER зашёл в свой профиль.
2016-11-22 23:28:43 INFO  UserServiceImpl:80 - Пользователь: ilyavasko_1997@gmail.com Васько Илья ROLE_USER изменил свои персональные данные
2016-11-22 23:28:43 INFO  UserController:45 - Пользователь: ilyavasko_1997@gmail.com Васько Илья ROLE_USER зашёл в свой профиль.
2016-11-22 23:28:52 INFO  UserServiceImpl:80 - Пользователь: ilyavasko_1997@gmail.com Васько Илья ROLE_USER изменил свои персональные данные
2016-11-22 23:28:52 INFO  UserController:45 - Пользователь: ilyavasko_1997@gmail.com Васько Илья ROLE_USER зашёл в свой профиль.
2016-11-22 23:29:07 INFO  UserController:45 - Пользователь: ilyavasko_1997@gmail.com Васько Илья ROLE_USER зашёл в свой профиль.
2016-11-22 23:35:15 INFO  LogHelper:31 - HHH000204: Processing PersistenceUnitInfo [
	name: entity-pu
	...]
2016-11-22 23:35:16 INFO  Version:37 - HHH000412: Hibernate Core {5.1.2.Final}
2016-11-22 23:35:16 INFO  Environment:213 - HHH000206: hibernate.properties not found
2016-11-22 23:35:16 INFO  Environment:317 - HHH000021: Bytecode provider name : javassist
2016-11-22 23:35:16 INFO  Version:66 - HCANN000001: Hibernate Commons Annotations {5.0.1.Final}
2016-11-22 23:35:16 INFO  Dialect:156 - HHH000400: Using dialect: org.hibernate.dialect.MySQL5InnoDBDialect
2016-11-22 23:35:16 INFO  LobCreatorBuilderImpl:98 - HHH000423: Disabling contextual LOB creation as JDBC driver reported JDBC version [3] less than 4
2016-11-22 23:35:17 INFO  Version:30 - HV000001: Hibernate Validator 5.3.1.Final
2016-11-22 23:35:21 INFO  QueryTranslatorFactoryInitiator:47 - HHH000397: Using ASTQueryTranslatorFactory
2016-11-22 23:41:40 INFO  UserController:45 - Пользователь: san-ya26@inbox.ru Александр Лобов ROLE_USER зашёл в свой профиль.
2016-11-22 23:41:54 INFO  UserServiceImpl:80 - Пользователь: san-ya26@inbox.ru Александр Лобов ROLE_USER изменил свои персональные данные
2016-11-22 23:41:54 INFO  UserController:45 - Пользователь: san-ya26@inbox.ru Александр Лобов ROLE_USER зашёл в свой профиль.
2016-11-22 23:42:13 INFO  UserController:45 - Пользователь: san-ya26@inbox.ru Александр Лобов ROLE_USER зашёл в свой профиль.
2016-11-22 23:42:23 INFO  UserController:45 - Пользователь: san-ya26@inbox.ru Александр Лобов ROLE_USER зашёл в свой профиль.
2016-11-23 01:44:48 INFO  LogHelper:31 - HHH000204: Processing PersistenceUnitInfo [
	name: entity-pu
	...]
2016-11-23 01:44:48 INFO  Version:37 - HHH000412: Hibernate Core {5.1.2.Final}
2016-11-23 01:44:48 INFO  Environment:213 - HHH000206: hibernate.properties not found
2016-11-23 01:44:48 INFO  Environment:317 - HHH000021: Bytecode provider name : javassist
2016-11-23 01:44:48 INFO  Version:66 - HCANN000001: Hibernate Commons Annotations {5.0.1.Final}
2016-11-23 01:44:51 INFO  Dialect:156 - HHH000400: Using dialect: org.hibernate.dialect.MySQL5InnoDBDialect
2016-11-23 01:44:51 INFO  LobCreatorBuilderImpl:98 - HHH000423: Disabling contextual LOB creation as JDBC driver reported JDBC version [3] less than 4
2016-11-23 01:44:58 INFO  Version:30 - HV000001: Hibernate Validator 5.3.1.Final
2016-11-23 01:45:03 INFO  QueryTranslatorFactoryInitiator:47 - HHH000397: Using ASTQueryTranslatorFactory
2016-11-23 15:09:35 INFO  LogHelper:31 - HHH000204: Processing PersistenceUnitInfo [
	name: entity-pu
	...]
2016-11-23 15:09:36 INFO  Version:37 - HHH000412: Hibernate Core {5.1.2.Final}
2016-11-23 15:09:36 INFO  Environment:213 - HHH000206: hibernate.properties not found
2016-11-23 15:09:36 INFO  Environment:317 - HHH000021: Bytecode provider name : javassist
2016-11-23 15:09:36 INFO  Version:66 - HCANN000001: Hibernate Commons Annotations {5.0.1.Final}
2016-11-23 15:09:37 INFO  Dialect:156 - HHH000400: Using dialect: org.hibernate.dialect.MySQL5InnoDBDialect
2016-11-23 15:09:37 INFO  LobCreatorBuilderImpl:98 - HHH000423: Disabling contextual LOB creation as JDBC driver reported JDBC version [3] less than 4
2016-11-23 15:09:38 INFO  Version:30 - HV000001: Hibernate Validator 5.3.1.Final
2016-11-23 15:09:41 INFO  QueryTranslatorFactoryInitiator:47 - HHH000397: Using ASTQueryTranslatorFactory
2016-11-23 15:12:03 INFO  LogHelper:31 - HHH000204: Processing PersistenceUnitInfo [
	name: entity-pu
	...]
2016-11-23 15:12:04 INFO  Version:37 - HHH000412: Hibernate Core {5.1.2.Final}
2016-11-23 15:12:04 INFO  Environment:213 - HHH000206: hibernate.properties not found
2016-11-23 15:12:04 INFO  Environment:317 - HHH000021: Bytecode provider name : javassist
2016-11-23 15:12:04 INFO  Version:66 - HCANN000001: Hibernate Commons Annotations {5.0.1.Final}
2016-11-23 15:12:04 INFO  Dialect:156 - HHH000400: Using dialect: org.hibernate.dialect.MySQL5InnoDBDialect
2016-11-23 15:12:04 INFO  LobCreatorBuilderImpl:98 - HHH000423: Disabling contextual LOB creation as JDBC driver reported JDBC version [3] less than 4
2016-11-23 15:12:05 INFO  Version:30 - HV000001: Hibernate Validator 5.3.1.Final
2016-11-23 15:12:08 INFO  QueryTranslatorFactoryInitiator:47 - HHH000397: Using ASTQueryTranslatorFactory
2016-11-23 15:33:23 INFO  LogHelper:31 - HHH000204: Processing PersistenceUnitInfo [
	name: entity-pu
	...]
2016-11-23 15:33:23 INFO  Version:37 - HHH000412: Hibernate Core {5.1.2.Final}
2016-11-23 15:33:24 INFO  Environment:213 - HHH000206: hibernate.properties not found
2016-11-23 15:33:24 INFO  Environment:317 - HHH000021: Bytecode provider name : javassist
2016-11-23 15:33:24 INFO  Version:66 - HCANN000001: Hibernate Commons Annotations {5.0.1.Final}
2016-11-23 15:33:24 INFO  Dialect:156 - HHH000400: Using dialect: org.hibernate.dialect.MySQL5InnoDBDialect
2016-11-23 15:33:24 INFO  LobCreatorBuilderImpl:98 - HHH000423: Disabling contextual LOB creation as JDBC driver reported JDBC version [3] less than 4
2016-11-23 15:33:26 INFO  Version:30 - HV000001: Hibernate Validator 5.3.1.Final
2016-11-23 15:33:29 INFO  QueryTranslatorFactoryInitiator:47 - HHH000397: Using ASTQueryTranslatorFactory
2016-11-23 15:44:53 INFO  UserController:91 - Зарегистрировался новый пользователь: ronny94@mail.ru Андрей Огнев
2016-11-23 15:44:54 INFO  UserController:45 - Пользователь: ronny94@mail.ru Андрей Огнев ROLE_USER зашёл в свой профиль.
2016-11-23 15:45:09 INFO  UserController:45 - Пользователь: ronny94@mail.ru Андрей Огнев ROLE_USER зашёл в свой профиль.
2016-11-23 15:45:21 INFO  UserServiceImpl:80 - Пользователь: ronny94@mail.ru Андрей Огнев ROLE_USER изменил свои персональные данные
2016-11-23 15:45:21 INFO  UserController:45 - Пользователь: ronny94@mail.ru Андрей Огнев ROLE_USER зашёл в свой профиль.
2016-11-23 15:45:35 INFO  UserController:45 - Пользователь: ronny94@mail.ru Андрей Огнев ROLE_USER зашёл в свой профиль.
2016-11-23 15:46:09 INFO  UserController:45 - Пользователь: ronny94@mail.ru Андрей Огнев ROLE_USER зашёл в свой профиль.
2016-11-23 15:46:17 INFO  UserController:45 - Пользователь: ronny94@mail.ru Андрей Огнев ROLE_USER зашёл в свой профиль.
2016-11-23 15:46:46 INFO  UserServiceImpl:118 - Пользователь: ronny94@mail.ru Андрей Огнев ROLE_USER сделал заказ № 47
2016-11-23 15:46:47 INFO  UserController:45 - Пользователь: ronny94@mail.ru Андрей Огнев ROLE_USER зашёл в свой профиль.
2016-11-23 15:47:02 INFO  UserController:45 - Пользователь: ronny94@mail.ru Андрей Огнев ROLE_USER зашёл в свой профиль.
2016-11-23 15:47:17 INFO  UserServiceImpl:80 - Пользователь: ronny94@mail.ru Андрей Огнев ROLE_USER изменил свои персональные данные
2016-11-23 15:47:17 INFO  UserController:45 - Пользователь: ronny94@mail.ru Андрей Огнев ROLE_USER зашёл в свой профиль.
2016-11-23 15:47:21 INFO  UserController:45 - Пользователь: ronny94@mail.ru Андрей Огнев ROLE_USER зашёл в свой профиль.
2016-11-23 15:47:30 INFO  UserController:45 - Пользователь: ronny94@mail.ru Андрей Огнев ROLE_USER зашёл в свой профиль.
2016-11-23 15:47:43 INFO  UserServiceImpl:80 - Пользователь: ronny94@mail.ru Андрей Огнев ROLE_USER изменил свои персональные данные
2016-11-23 15:47:43 INFO  UserController:45 - Пользователь: ronny94@mail.ru Андрей Огнев ROLE_USER зашёл в свой профиль.
2016-11-23 15:49:21 INFO  UserController:40 - Администратор: egor1573@yandex.ru Александр Лобов ROLE_ADMIN зашёл в свой профиль.
2016-11-23 15:49:42 INFO  UserController:40 - Администратор: egor1573@yandex.ru Александр Лобов ROLE_ADMIN зашёл в свой профиль.
2016-11-23 15:49:56 INFO  UserController:40 - Администратор: egor1573@yandex.ru Александр Лобов ROLE_ADMIN зашёл в свой профиль.
2016-11-23 15:50:06 INFO  UserController:40 - Администратор: egor1573@yandex.ru Александр Лобов ROLE_ADMIN зашёл в свой профиль.
2016-11-23 15:50:54 INFO  UserController:45 - Пользователь: ronny94@mail.ru Андрей Огнев ROLE_USER зашёл в свой профиль.
2016-11-23 16:10:06 INFO  LogHelper:31 - HHH000204: Processing PersistenceUnitInfo [
	name: entity-pu
	...]
2016-11-23 16:10:07 INFO  Version:37 - HHH000412: Hibernate Core {5.1.2.Final}
2016-11-23 16:10:07 INFO  Environment:213 - HHH000206: hibernate.properties not found
2016-11-23 16:10:07 INFO  Environment:317 - HHH000021: Bytecode provider name : javassist
2016-11-23 16:10:07 INFO  Version:66 - HCANN000001: Hibernate Commons Annotations {5.0.1.Final}
2016-11-23 16:10:07 INFO  Dialect:156 - HHH000400: Using dialect: org.hibernate.dialect.MySQL5InnoDBDialect
2016-11-23 16:10:08 INFO  LobCreatorBuilderImpl:98 - HHH000423: Disabling contextual LOB creation as JDBC driver reported JDBC version [3] less than 4
2016-11-23 16:10:08 INFO  Version:30 - HV000001: Hibernate Validator 5.3.1.Final
2016-11-23 16:10:12 INFO  QueryTranslatorFactoryInitiator:47 - HHH000397: Using ASTQueryTranslatorFactory
2016-11-23 23:13:29 INFO  LogHelper:31 - HHH000204: Processing PersistenceUnitInfo [
	name: entity-pu
	...]
2016-11-23 23:13:30 INFO  Version:37 - HHH000412: Hibernate Core {5.1.2.Final}
2016-11-23 23:13:30 INFO  Environment:213 - HHH000206: hibernate.properties not found
2016-11-23 23:13:30 INFO  Environment:317 - HHH000021: Bytecode provider name : javassist
2016-11-23 23:13:30 INFO  Version:66 - HCANN000001: Hibernate Commons Annotations {5.0.1.Final}
2016-11-23 23:13:31 INFO  Dialect:156 - HHH000400: Using dialect: org.hibernate.dialect.MySQL5InnoDBDialect
2016-11-23 23:13:31 INFO  LobCreatorBuilderImpl:98 - HHH000423: Disabling contextual LOB creation as JDBC driver reported JDBC version [3] less than 4
2016-11-23 23:13:32 INFO  Version:30 - HV000001: Hibernate Validator 5.3.1.Final
2016-11-23 23:13:38 INFO  QueryTranslatorFactoryInitiator:47 - HHH000397: Using ASTQueryTranslatorFactory
2016-11-23 23:34:39 INFO  UserController:40 - Администратор: egor1573@yandex.ru Александр Лобов ROLE_ADMIN зашёл в свой профиль.
2016-11-23 23:39:43 INFO  UserController:45 - Пользователь: san-ya26@inbox.ru Александр Лобов ROLE_USER зашёл в свой профиль.
2016-11-24 10:20:37 INFO  LogHelper:31 - HHH000204: Processing PersistenceUnitInfo [
	name: entity-pu
	...]
2016-11-24 10:20:37 INFO  Version:37 - HHH000412: Hibernate Core {5.1.2.Final}
2016-11-24 10:20:37 INFO  Environment:213 - HHH000206: hibernate.properties not found
2016-11-24 10:20:37 INFO  Environment:317 - HHH000021: Bytecode provider name : javassist
2016-11-24 10:20:38 INFO  Version:66 - HCANN000001: Hibernate Commons Annotations {5.0.1.Final}
2016-11-24 10:20:39 INFO  Dialect:156 - HHH000400: Using dialect: org.hibernate.dialect.MySQL5InnoDBDialect
2016-11-24 10:20:39 INFO  LobCreatorBuilderImpl:98 - HHH000423: Disabling contextual LOB creation as JDBC driver reported JDBC version [3] less than 4
2016-11-24 10:20:40 INFO  Version:30 - HV000001: Hibernate Validator 5.3.1.Final
2016-11-24 10:20:45 INFO  QueryTranslatorFactoryInitiator:47 - HHH000397: Using ASTQueryTranslatorFactory
2016-11-24 11:21:08 INFO  UserController:45 - Пользователь: san-ya26@inbox.ru Александр Лобов ROLE_USER зашёл в свой профиль.
2016-11-24 11:21:25 INFO  UserServiceImpl:80 - Пользователь: san-ya26@inbox.ru Александр Лобов ROLE_USER изменил свои персональные данные
2016-11-24 11:21:25 INFO  UserController:45 - Пользователь: san-ya26@inbox.ru Александр Лобов ROLE_USER зашёл в свой профиль.
2016-11-24 11:21:30 INFO  UserServiceImpl:80 - Пользователь: san-ya26@inbox.ru Александр Лобов ROLE_USER изменил свои персональные данные
2016-11-24 11:21:30 INFO  UserController:45 - Пользователь: san-ya26@inbox.ru Александр Лобов ROLE_USER зашёл в свой профиль.
2016-11-24 11:34:07 INFO  UserController:45 - Пользователь: san-ya26@inbox.ru Александр Лобов ROLE_USER зашёл в свой профиль.
2016-11-24 12:12:53 INFO  LogHelper:31 - HHH000204: Processing PersistenceUnitInfo [
	name: entity-pu
	...]
2016-11-24 12:12:53 INFO  Version:37 - HHH000412: Hibernate Core {5.1.2.Final}
2016-11-24 12:12:53 INFO  Environment:213 - HHH000206: hibernate.properties not found
2016-11-24 12:12:53 INFO  Environment:317 - HHH000021: Bytecode provider name : javassist
2016-11-24 12:12:54 INFO  Version:66 - HCANN000001: Hibernate Commons Annotations {5.0.1.Final}
2016-11-24 12:12:54 INFO  Dialect:156 - HHH000400: Using dialect: org.hibernate.dialect.MySQL5InnoDBDialect
2016-11-24 12:12:54 INFO  LobCreatorBuilderImpl:98 - HHH000423: Disabling contextual LOB creation as JDBC driver reported JDBC version [3] less than 4
2016-11-24 12:12:55 INFO  Version:30 - HV000001: Hibernate Validator 5.3.1.Final
2016-11-24 12:12:59 INFO  QueryTranslatorFactoryInitiator:47 - HHH000397: Using ASTQueryTranslatorFactory
2016-11-24 12:22:15 INFO  LogHelper:31 - HHH000204: Processing PersistenceUnitInfo [
	name: entity-pu
	...]
2016-11-24 12:22:15 INFO  Version:37 - HHH000412: Hibernate Core {5.1.2.Final}
2016-11-24 12:22:15 INFO  Environment:213 - HHH000206: hibernate.properties not found
2016-11-24 12:22:15 INFO  Environment:317 - HHH000021: Bytecode provider name : javassist
2016-11-24 12:22:15 INFO  Version:66 - HCANN000001: Hibernate Commons Annotations {5.0.1.Final}
2016-11-24 12:22:16 INFO  Dialect:156 - HHH000400: Using dialect: org.hibernate.dialect.MySQL5InnoDBDialect
2016-11-24 12:22:16 INFO  LobCreatorBuilderImpl:98 - HHH000423: Disabling contextual LOB creation as JDBC driver reported JDBC version [3] less than 4
2016-11-24 12:22:17 INFO  Version:30 - HV000001: Hibernate Validator 5.3.1.Final
2016-11-24 12:22:21 INFO  QueryTranslatorFactoryInitiator:47 - HHH000397: Using ASTQueryTranslatorFactory
2016-11-24 12:23:01 INFO  LogHelper:31 - HHH000204: Processing PersistenceUnitInfo [
	name: entity-pu
	...]
2016-11-24 12:23:02 INFO  Version:37 - HHH000412: Hibernate Core {5.1.2.Final}
2016-11-24 12:23:02 INFO  Environment:213 - HHH000206: hibernate.properties not found
2016-11-24 12:23:02 INFO  Environment:317 - HHH000021: Bytecode provider name : javassist
2016-11-24 12:23:02 INFO  Version:66 - HCANN000001: Hibernate Commons Annotations {5.0.1.Final}
2016-11-24 12:23:02 INFO  Dialect:156 - HHH000400: Using dialect: org.hibernate.dialect.MySQL5InnoDBDialect
2016-11-24 12:23:03 INFO  LobCreatorBuilderImpl:98 - HHH000423: Disabling contextual LOB creation as JDBC driver reported JDBC version [3] less than 4
2016-11-24 12:23:04 INFO  Version:30 - HV000001: Hibernate Validator 5.3.1.Final
2016-11-24 12:23:07 INFO  QueryTranslatorFactoryInitiator:47 - HHH000397: Using ASTQueryTranslatorFactory
2016-11-24 12:24:51 INFO  UserController:86 - Зарегистрировался новый пользователь: anton96@mail.ru Антон Кисленко
2016-11-24 12:24:51 INFO  UserController:43 - Пользователь: anton96@mail.ru Антон Кисленко ROLE_USER зашёл в свой профиль.
2016-11-24 12:25:10 INFO  UserController:43 - Пользователь: anton96@mail.ru Антон Кисленко ROLE_USER зашёл в свой профиль.
2016-11-24 12:25:18 INFO  UserServiceImpl:80 - Пользователь: anton96@mail.ru Антон Кисленко ROLE_USER изменил свои персональные данные
2016-11-24 12:25:18 INFO  UserController:43 - Пользователь: anton96@mail.ru Антон Кисленко ROLE_USER зашёл в свой профиль.
2016-11-24 12:25:37 INFO  UserController:43 - Пользователь: anton96@mail.ru Антон Кисленко ROLE_USER зашёл в свой профиль.
2016-11-24 12:25:50 INFO  UserController:43 - Пользователь: anton96@mail.ru Антон Кисленко ROLE_USER зашёл в свой профиль.
2016-11-24 12:26:20 INFO  UserServiceImpl:118 - Пользователь: anton96@mail.ru Антон Кисленко ROLE_USER сделал заказ № 48
2016-11-24 12:26:23 INFO  UserController:43 - Пользователь: anton96@mail.ru Антон Кисленко ROLE_USER зашёл в свой профиль.
2016-11-24 12:26:39 INFO  UserController:38 - Администратор: egor1573@yandex.ru Александр Лобов ROLE_ADMIN зашёл в свой профиль.
2016-11-24 12:27:32 INFO  UserController:43 - Пользователь: anton96@mail.ru Антон Кисленко ROLE_USER зашёл в свой профиль.
